<?xml version="1.0" encoding="UTF-8"?>
<!-- Generated by org.testng.reporters.JUnitReportReporter -->
<testsuite skipped="0" hostname="LAPTOP-J5CE313M" name="tests.TestAboutUs" tests="1" failures="0" timestamp="04 Jun 2021 19:03:07 GMT" time="21.765" errors="0">
  <testcase name="testOpenAboutUsPage" time="21.765" classname="tests.TestAboutUs"/>
</testsuite> <!-- tests.TestAboutUs -->
