<?xml version="1.0" encoding="UTF-8"?>
<!-- Generated by org.testng.reporters.JUnitReportReporter -->
<testsuite skipped="0" hostname="LAPTOP-J5CE313M" name="testsFooter.TestIntegrationsAndPartnersLink" tests="1" failures="0" timestamp="07 Jun 2021 11:55:35 GMT" time="2.922" errors="0">
  <testcase name="testClickOnIntegrationsAndPartners" time="2.922" classname="testsFooter.TestIntegrationsAndPartnersLink"/>
</testsuite> <!-- testsFooter.TestIntegrationsAndPartnersLink -->
