<?xml version="1.0" encoding="UTF-8"?>
<!-- Generated by org.testng.reporters.JUnitReportReporter -->
<testsuite skipped="0" hostname="LAPTOP-J5CE313M" name="testsFooter.TestLoginLinkFooter" tests="1" failures="0" timestamp="06 Jun 2021 18:04:01 GMT" time="1.641" errors="0">
  <testcase name="testOpenAboutUsPage" time="1.641" classname="testsFooter.TestLoginLinkFooter"/>
</testsuite> <!-- testsFooter.TestLoginLinkFooter -->
