<?xml version="1.0" encoding="UTF-8"?>
<!-- Generated by org.testng.reporters.JUnitReportReporter -->
<testsuite skipped="0" hostname="LAPTOP-J5CE313M" name="testsB.TestPlatformPage" tests="4" failures="0" timestamp="05 Jun 2021 09:43:58 GMT" time="19.525" errors="0">
  <testcase name="testPlatformPageOverview" time="6.546" classname="testsB.TestPlatformPage"/>
  <testcase name="testPlatformPageDemanDrivenScheduling" time="4.376" classname="testsB.TestPlatformPage"/>
  <testcase name="testPlatformPageCompliance" time="4.299" classname="testsB.TestPlatformPage"/>
  <testcase name="testPlatformPageAutoScheduling" time="4.304" classname="testsB.TestPlatformPage"/>
</testsuite> <!-- testsB.TestPlatformPage -->
