<?xml version="1.0" encoding="UTF-8"?>
<!-- Generated by org.testng.reporters.JUnitReportReporter -->
<testsuite skipped="0" hostname="LAPTOP-J5CE313M" name="testsB.ProfileChanges" tests="1" failures="0" timestamp="08 Jun 2021 20:41:50 GMT" time="13.256" errors="0">
  <testcase name="profileChanges" time="13.256" classname="testsB.ProfileChanges"/>
</testsuite> <!-- testsB.ProfileChanges -->
