<?xml version="1.0" encoding="UTF-8"?>
<!-- Generated by org.testng.reporters.JUnitReportReporter -->
<testsuite skipped="0" hostname="LAPTOP-J5CE313M" name="objects.ChangeLanguage" tests="1" failures="0" timestamp="08 Jun 2021 18:15:00 GMT" time="35.404" errors="0">
  <testcase name="changeLanguage" time="35.404" classname="objects.ChangeLanguage"/>
</testsuite> <!-- objects.ChangeLanguage -->
