<?xml version="1.0" encoding="UTF-8"?>
<!-- Generated by org.testng.reporters.JUnitReportReporter -->
<testsuite skipped="0" hostname="LAPTOP-J5CE313M" name="testsFooter.TestSolutionsPage" tests="9" failures="0" timestamp="06 Jun 2021 15:03:16 GMT" time="24.906" errors="0">
  <testcase name="testSolutionsHealthcare" time="2.959" classname="testsFooter.TestSolutionsPage"/>
  <testcase name="testSolutionsRetail" time="2.959" classname="testsFooter.TestSolutionsPage"/>
  <testcase name="testSolutionsCallCenter" time="2.715" classname="testsFooter.TestSolutionsPage"/>
  <testcase name="testSolutionsHospitality" time="2.616" classname="testsFooter.TestSolutionsPage"/>
  <testcase name="testSolutionsUniveristies" time="2.684" classname="testsFooter.TestSolutionsPage"/>
  <testcase name="testSolutionsFoodAndBeverage" time="2.755" classname="testsFooter.TestSolutionsPage"/>
  <testcase name="testSolutionsFitnessAndRecreation" time="2.761" classname="testsFooter.TestSolutionsPage"/>
  <testcase name="testSolutionsManufacturingAndFacilities" time="2.744" classname="testsFooter.TestSolutionsPage"/>
  <testcase name="testSolutionsTransportationAndDelivery" time="2.713" classname="testsFooter.TestSolutionsPage"/>
</testsuite> <!-- testsFooter.TestSolutionsPage -->
