<?xml version="1.0" encoding="UTF-8"?>
<!-- Generated by org.testng.reporters.JUnitReportReporter -->
<testsuite skipped="0" hostname="LAPTOP-J5CE313M" name="testsFooter.TestLogo" tests="1" failures="0" timestamp="06 Jun 2021 15:10:54 GMT" time="4.638" errors="0">
  <testcase name="testOpenAboutUsPage" time="4.638" classname="testsFooter.TestLogo"/>
</testsuite> <!-- testsFooter.TestLogo -->
