<?xml version="1.0" encoding="UTF-8"?>
<!-- Generated by org.testng.reporters.JUnitReportReporter -->
<testsuite skipped="0" hostname="LAPTOP-J5CE313M" name="testsFooter.TestResourcesMenuLinks" tests="4" failures="0" timestamp="06 Jun 2021 16:09:15 GMT" time="20.133" errors="0">
  <testcase name="testResourcesSuccessStories" time="3.558" classname="testsFooter.TestResourcesMenuLinks"/>
  <testcase name="testResourcesLibrary" time="3.141" classname="testsFooter.TestResourcesMenuLinks"/>
  <testcase name="testResourcesHumanityBlog" time="4.646" classname="testsFooter.TestResourcesMenuLinks"/>
  <testcase name="testResourcesHelpCenter" time="8.788" classname="testsFooter.TestResourcesMenuLinks"/>
</testsuite> <!-- testsFooter.TestResourcesMenuLinks -->
