<?xml version="1.0" encoding="UTF-8"?>
<!-- Generated by org.testng.reporters.JUnitReportReporter -->
<testsuite skipped="0" hostname="LAPTOP-J5CE313M" name="testsB.TestLogo" tests="1" failures="0" timestamp="04 Jun 2021 20:15:25 GMT" time="13.550" errors="0">
  <testcase name="testOpenAboutUsPage" time="13.550" classname="testsB.TestLogo"/>
</testsuite> <!-- testsB.TestLogo -->
