<?xml version="1.0" encoding="UTF-8"?>
<!-- Generated by org.testng.reporters.JUnitReportReporter -->
<testsuite skipped="0" hostname="LAPTOP-J5CE313M" name="tests.TestLoginExistingUser" tests="1" failures="0" timestamp="04 Jun 2021 19:12:29 GMT" time="20.139" errors="0">
  <testcase name="testOpenAboutUsPage" time="20.139" classname="tests.TestLoginExistingUser"/>
</testsuite> <!-- tests.TestLoginExistingUser -->
