<?xml version="1.0" encoding="UTF-8"?>
<!-- Generated by org.testng.reporters.JUnitReportReporter -->
<testsuite skipped="0" hostname="LAPTOP-J5CE313M" name="testsB.TestAddNewEmployee" tests="1" failures="0" timestamp="08 Jun 2021 16:28:17 GMT" time="9.321" errors="0">
  <testcase name="checkAddedEmployee" time="9.321" classname="testsB.TestAddNewEmployee"/>
</testsuite> <!-- testsB.TestAddNewEmployee -->
