<?xml version="1.0" encoding="UTF-8"?>
<!-- Generated by org.testng.reporters.JUnitReportReporter -->
<testsuite skipped="0" hostname="LAPTOP-J5CE313M" name="testsB.AddNewEmployee" tests="1" failures="0" timestamp="06 Jun 2021 20:24:13 GMT" time="16.358" errors="0">
  <testcase name="checkAddedEmployee" time="16.358" classname="testsB.AddNewEmployee"/>
</testsuite> <!-- testsB.AddNewEmployee -->
