<?xml version="1.0" encoding="UTF-8"?>
<!-- Generated by org.testng.reporters.JUnitReportReporter -->
<testsuite skipped="0" hostname="LAPTOP-J5CE313M" name="testsB.TestAddingEmployeesFromExcel" tests="1" failures="0" timestamp="08 Jun 2021 14:38:32 GMT" time="11.418" errors="0">
  <testcase name="checkAddedEmployee" time="11.418" classname="testsB.TestAddingEmployeesFromExcel"/>
</testsuite> <!-- testsB.TestAddingEmployeesFromExcel -->
