<?xml version="1.0" encoding="UTF-8"?>
<!-- Generated by org.testng.reporters.JUnitReportReporter -->
<testsuite skipped="0" hostname="LAPTOP-J5CE313M" name="testsB.UnmarkNotifications" tests="1" failures="0" timestamp="08 Jun 2021 19:13:36 GMT" time="38.712" errors="0">
  <testcase name="changeLanguage" time="38.712" classname="testsB.UnmarkNotifications"/>
</testsuite> <!-- testsB.UnmarkNotifications -->
