<?xml version="1.0" encoding="UTF-8"?>
<!-- Generated by org.testng.reporters.JUnitReportReporter -->
<testsuite skipped="0" hostname="LAPTOP-J5CE313M" name="testsFooter.TestPricingPageLink" tests="1" failures="0" timestamp="06 Jun 2021 16:24:23 GMT" time="2.318" errors="0">
  <testcase name="testClickOnPricingPage" time="2.318" classname="testsFooter.TestPricingPageLink"/>
</testsuite> <!-- testsFooter.TestPricingPageLink -->
