<?xml version="1.0" encoding="UTF-8"?>
<!-- Generated by org.testng.reporters.JUnitReportReporter -->
<testsuite skipped="0" hostname="LAPTOP-J5CE313M" name="testsFooter.TestAboutUsMenuLinks" tests="5" failures="0" timestamp="07 Jun 2021 11:54:54 GMT" time="14.582" errors="0">
  <testcase name="testAboutUsPage" time="2.687" classname="testsFooter.TestAboutUsMenuLinks"/>
  <testcase name="testAboutUsCareers" time="3.551" classname="testsFooter.TestAboutUsMenuLinks"/>
  <testcase name="testAboutUsContactUs" time="2.300" classname="testsFooter.TestAboutUsMenuLinks"/>
  <testcase name="testAboutUsHumanityBlog" time="3.151" classname="testsFooter.TestAboutUsMenuLinks"/>
  <testcase name="testAboutUsNewsroom" time="2.893" classname="testsFooter.TestAboutUsMenuLinks"/>
</testsuite> <!-- testsFooter.TestAboutUsMenuLinks -->
