<?xml version="1.0" encoding="UTF-8"?>
<!-- Generated by org.testng.reporters.JUnitReportReporter -->
<testsuite skipped="0" hostname="LAPTOP-J5CE313M" name="testsFooter.TestPlatformPage" tests="8" failures="0" timestamp="06 Jun 2021 11:14:05 GMT" time="5.199" errors="0">
  <testcase name="testPlatformPageOverview" time="2.245" classname="testsFooter.TestPlatformPage"/>
  <testcase name="testPlatformPageDemanDrivenScheduling" time="0.387" classname="testsFooter.TestPlatformPage"/>
  <testcase name="testPlatformPageCompliance" time="0.339" classname="testsFooter.TestPlatformPage"/>
  <testcase name="testPlatformPageAutoScheduling" time="0.373" classname="testsFooter.TestPlatformPage"/>
  <testcase name="testPlatformPageMobileShiftManagement" time="0.460" classname="testsFooter.TestPlatformPage"/>
  <testcase name="testPlatformPageFlexScheduling" time="0.416" classname="testsFooter.TestPlatformPage"/>
  <testcase name="testPlatformPageTimeClock" time="0.420" classname="testsFooter.TestPlatformPage"/>
  <testcase name="testPlatformPageIntegration" time="0.559" classname="testsFooter.TestPlatformPage"/>
</testsuite> <!-- testsFooter.TestPlatformPage -->
